-----------------------------------------------------------
Server listening on 5201
-----------------------------------------------------------
Accepted connection from 10.0.2.100, port 47986
[  5] local 10.0.1.100 port 5201 connected to 10.0.2.100 port 47988
[ ID] Interval           Transfer     Bandwidth
[  5]   0.00-1.00   sec  10.7 MBytes  90.0 Mbits/sec                  
[  5]   1.00-2.00   sec  11.4 MBytes  95.2 Mbits/sec                  
[  5]   2.00-3.00   sec  11.3 MBytes  95.2 Mbits/sec                  
[  5]   3.00-4.00   sec  11.3 MBytes  95.2 Mbits/sec                  
[  5]   4.00-5.00   sec  11.4 MBytes  95.3 Mbits/sec                  
[  5]   5.00-6.00   sec  11.4 MBytes  95.2 Mbits/sec                  
[  5]   6.00-7.00   sec  11.3 MBytes  95.2 Mbits/sec                  
[  5]   7.00-8.00   sec  11.4 MBytes  95.2 Mbits/sec                  
[  5]   8.00-9.00   sec  10.9 MBytes  91.1 Mbits/sec                  
[  5]   9.00-10.00  sec  11.4 MBytes  95.3 Mbits/sec                  
[  5]  10.00-11.00  sec  11.4 MBytes  95.3 Mbits/sec                  
[  5]  11.00-12.00  sec  11.4 MBytes  95.2 Mbits/sec                  
[  5]  12.00-13.00  sec  11.4 MBytes  95.3 Mbits/sec                  
[  5]  13.00-14.00  sec  11.3 MBytes  95.1 Mbits/sec                  
[  5]  14.00-15.00  sec  11.4 MBytes  95.3 Mbits/sec                  
[  5]  15.00-16.00  sec  11.4 MBytes  95.2 Mbits/sec                  
[  5]  16.00-17.00  sec  11.3 MBytes  95.1 Mbits/sec                  
[  5]  17.00-18.00  sec  11.3 MBytes  95.2 Mbits/sec                  
[  5]  18.00-19.00  sec  11.0 MBytes  92.1 Mbits/sec                  
[  5]  19.00-20.00  sec  11.3 MBytes  95.2 Mbits/sec                  
[  5]  20.00-21.00  sec  11.3 MBytes  95.2 Mbits/sec                  
[  5]  21.00-22.00  sec  11.4 MBytes  95.3 Mbits/sec                  
[  5]  22.00-23.00  sec  11.4 MBytes  95.3 Mbits/sec                  
[  5]  23.00-24.00  sec  11.4 MBytes  95.2 Mbits/sec                  
[  5]  24.00-25.00  sec  11.4 MBytes  95.3 Mbits/sec                  
[  5]  25.00-26.00  sec  11.4 MBytes  95.2 Mbits/sec                  
[  5]  26.00-27.00  sec  11.4 MBytes  95.3 Mbits/sec                  
[  5]  27.00-28.00  sec  11.4 MBytes  95.3 Mbits/sec                  
[  5]  28.00-29.00  sec  10.8 MBytes  90.8 Mbits/sec                  
[  5]  29.00-30.00  sec  11.3 MBytes  95.1 Mbits/sec                  
[  5]  30.00-31.00  sec  11.4 MBytes  95.2 Mbits/sec                  
[  5]  31.00-32.00  sec  11.4 MBytes  95.3 Mbits/sec                  
[  5]  32.00-33.00  sec  11.3 MBytes  95.1 Mbits/sec                  
[  5]  33.00-34.00  sec  11.3 MBytes  95.2 Mbits/sec                  
[  5]  34.00-35.00  sec  11.4 MBytes  95.2 Mbits/sec                  
[  5]  35.00-36.00  sec  11.4 MBytes  95.2 Mbits/sec                  
[  5]  36.00-37.00  sec  11.4 MBytes  95.3 Mbits/sec                  
[  5]  37.00-38.00  sec  11.4 MBytes  95.3 Mbits/sec                  
[  5]  38.00-39.00  sec  11.1 MBytes  92.9 Mbits/sec                  
[  5]  39.00-40.00  sec  11.3 MBytes  95.1 Mbits/sec                  
[  5]  40.00-41.00  sec  11.4 MBytes  95.3 Mbits/sec                  
[  5]  41.00-42.00  sec  11.4 MBytes  95.2 Mbits/sec                  
[  5]  42.00-43.00  sec  11.4 MBytes  95.3 Mbits/sec                  
[  5]  43.00-44.00  sec  11.4 MBytes  95.2 Mbits/sec                  
[  5]  44.00-45.00  sec  11.4 MBytes  95.2 Mbits/sec                  
[  5]  45.00-46.00  sec  11.3 MBytes  95.2 Mbits/sec                  
[  5]  46.00-47.00  sec  11.4 MBytes  95.3 Mbits/sec                  
[  5]  47.00-48.00  sec  11.4 MBytes  95.3 Mbits/sec                  
[  5]  48.00-49.00  sec  10.8 MBytes  90.4 Mbits/sec                  
[  5]  49.00-50.00  sec  11.4 MBytes  95.2 Mbits/sec                  
[  5]  50.00-50.05  sec   532 KBytes  92.0 Mbits/sec                  
- - - - - - - - - - - - - - - - - - - - - - - - -
[ ID] Interval           Transfer     Bandwidth       Retr
[  5]   0.00-50.05  sec   567 MBytes  95.0 Mbits/sec  553             sender
[  5]   0.00-50.05  sec   565 MBytes  94.7 Mbits/sec                  receiver
-----------------------------------------------------------
Server listening on 5201
-----------------------------------------------------------
